# JRE version: OpenJDK Runtime Environment Temurin-21.0.3+9 (21.0.3+9) (build 21.0.3+9-LTS)
# Java VM: OpenJDK 64-Bit Server VM Temurin-21.0.3+9 (21.0.3+9-LTS, mixed mode, emulated-client, tiered, compressed oops, compressed class ptrs, g1 gc, bsd-amd64)
GC Precious Log:
 CardTable entry size: 512
 Card Set container configuration: InlinePtr #cards 4 size 8 Array Of Cards #cards 16 size 48 Howl #buckets 8 coarsen threshold 3686 Howl Bitmap #cards 512 size 80 coarsen threshold 460 Card regions per heap region 1 cards per card region 4096
 CPUs: 8 total, 8 available
 Memory: 16384M
 Large Page Support: Disabled
 NUMA Support: Disabled
 Compressed Oops: Enabled (Zero based)
 Heap Region Size: 2M
 Heap Min Capacity: 8M
 Heap Initial Capacity: 256M
 Heap Max Capacity: 4G
 Pre-touch: Disabled
 Parallel Workers: 8
 Concurrent Workers: 2
 Concurrent Refinement Workers: 8
 Periodic GC: Disabled
Heap:
 garbage-first heap   total 90112K, used 75545K [0x0000000700000000, 0x0000000800000000)
  region size 2048K, 26 young (53248K), 3 survivors (6144K)
 Metaspace       used 70510K, committed 72192K, reserved 1114112K
  class space    used 8393K, committed 9024K, reserved 1048576K
GC Heap History (20 events):
Event: 11008.170 GC heap after
{Heap after GC invocations=189 (full 62):
 garbage-first heap   total 96256K, used 25341K [0x0000000700000000, 0x0000000800000000)
  region size 2048K, 0 young (0K), 0 survivors (0K)
 Metaspace       used 71599K, committed 72512K, reserved 1114112K
  class space    used 8575K, committed 9024K, reserved 1048576K
}
Event: 11009.569 GC heap before
{Heap before GC invocations=189 (full 62):
 garbage-first heap   total 96256K, used 78589K [0x0000000700000000, 0x0000000800000000)
  region size 2048K, 27 young (55296K), 0 survivors (0K)
 Metaspace       used 71706K, committed 72512K, reserved 1114112K
  class space    used 8596K, committed 9024K, reserved 1048576K
}
Event: 11009.573 GC heap after
{Heap after GC invocations=190 (full 62):
 garbage-first heap   total 96256K, used 28791K [0x0000000700000000, 0x0000000800000000)
  region size 2048K, 2 young (4096K), 2 survivors (4096K)
 Metaspace       used 71706K, committed 72512K, reserved 1114112K
  class space    used 8596K, committed 9024K, reserved 1048576K
}
Event: 11025.141 GC heap before
{Heap before GC invocations=190 (full 62):
 garbage-first heap   total 96256K, used 77943K [0x0000000700000000, 0x0000000800000000)
  region size 2048K, 27 young (55296K), 2 survivors (4096K)
 Metaspace       used 71783K, committed 72640K, reserved 1114112K
  class space    used 8607K, committed 9024K, reserved 1048576K
}
Event: 11025.145 GC heap after
{Heap after GC invocations=191 (full 62):
 garbage-first heap   total 96256K, used 30911K [0x0000000700000000, 0x0000000800000000)
  region size 2048K, 3 young (6144K), 3 survivors (6144K)
 Metaspace       used 71783K, committed 72640K, reserved 1114112K
  class space    used 8607K, committed 9024K, reserved 1048576K
}
Event: 11269.619 GC heap before
{Heap before GC invocations=191 (full 62):
 garbage-first heap   total 96256K, used 75967K [0x0000000700000000, 0x0000000800000000)
  region size 2048K, 26 young (53248K), 3 survivors (6144K)
 Metaspace       used 71814K, committed 72640K, reserved 1114112K
  class space    used 8610K, committed 9024K, reserved 1048576K
}
Event: 11269.623 GC heap after
{Heap after GC invocations=192 (full 62):
 garbage-first heap   total 96256K, used 31410K [0x0000000700000000, 0x0000000800000000)
  region size 2048K, 2 young (4096K), 2 survivors (4096K)
 Metaspace       used 71814K, committed 72640K, reserved 1114112K
  class space    used 8610K, committed 9024K, reserved 1048576K
}
Event: 11516.845 GC heap before
{Heap before GC invocations=192 (full 62):
 garbage-first heap   total 96256K, used 76466K [0x0000000700000000, 0x0000000800000000)
  region size 2048K, 25 young (51200K), 2 survivors (4096K)
 Metaspace       used 71833K, committed 72704K, reserved 1114112K
  class space    used 8612K, committed 9024K, reserved 1048576K
}
Event: 11516.850 GC heap after
{Heap after GC invocations=193 (full 62):
 garbage-first heap   total 96256K, used 31156K [0x0000000700000000, 0x0000000800000000)
  region size 2048K, 2 young (4096K), 2 survivors (4096K)
 Metaspace       used 71833K, committed 72704K, reserved 1114112K
  class space    used 8612K, committed 9024K, reserved 1048576K
}
Event: 11562.209 GC heap before
{Heap before GC invocations=193 (full 62):
 garbage-first heap   total 96256K, used 41396K [0x0000000700000000, 0x0000000800000000)
  region size 2048K, 8 young (16384K), 2 survivors (4096K)
 Metaspace       used 71880K, committed 72768K, reserved 1114112K
  class space    used 8616K, committed 9024K, reserved 1048576K
}
Event: 11562.308 GC heap after
{Heap after GC invocations=194 (full 63):
 garbage-first heap   total 90112K, used 23012K [0x0000000700000000, 0x0000000800000000)
  region size 2048K, 0 young (0K), 0 survivors (0K)
 Metaspace       used 70111K, committed 72256K, reserved 1114112K
  class space    used 8315K, committed 9024K, reserved 1048576K
}
Event: 11564.957 GC heap before
{Heap before GC invocations=194 (full 63):
 garbage-first heap   total 90112K, used 74212K [0x0000000700000000, 0x0000000800000000)
  region size 2048K, 26 young (53248K), 0 survivors (0K)
 Metaspace       used 70346K, committed 72256K, reserved 1114112K
  class space    used 8369K, committed 9024K, reserved 1048576K
}
Event: 11564.960 GC heap after
{Heap after GC invocations=195 (full 63):
 garbage-first heap   total 90112K, used 27315K [0x0000000700000000, 0x0000000800000000)
  region size 2048K, 3 young (6144K), 3 survivors (6144K)
 Metaspace       used 70346K, committed 72256K, reserved 1114112K
  class space    used 8369K, committed 9024K, reserved 1048576K
}
Event: 11632.450 GC heap before
{Heap before GC invocations=195 (full 63):
 garbage-first heap   total 90112K, used 60083K [0x0000000700000000, 0x0000000800000000)
  region size 2048K, 20 young (40960K), 3 survivors (6144K)
 Metaspace       used 70447K, committed 72256K, reserved 1114112K
  class space    used 8387K, committed 9024K, reserved 1048576K
}
Event: 11632.532 GC heap after
{Heap after GC invocations=196 (full 64):
 garbage-first heap   total 90112K, used 24826K [0x0000000700000000, 0x0000000800000000)
  region size 2048K, 0 young (0K), 0 survivors (0K)
 Metaspace       used 70234K, committed 72192K, reserved 1114112K
  class space    used 8346K, committed 9024K, reserved 1048576K
}
Event: 11633.632 GC heap before
{Heap before GC invocations=196 (full 64):
 garbage-first heap   total 90112K, used 73978K [0x0000000700000000, 0x0000000800000000)
  region size 2048K, 25 young (51200K), 0 survivors (0K)
 Metaspace       used 70340K, committed 72192K, reserved 1114112K
  class space    used 8366K, committed 9024K, reserved 1048576K
}
Event: 11633.635 GC heap after
{Heap after GC invocations=197 (full 64):
 garbage-first heap   total 90112K, used 28355K [0x0000000700000000, 0x0000000800000000)
  region size 2048K, 2 young (4096K), 2 survivors (4096K)
 Metaspace       used 70340K, committed 72192K, reserved 1114112K
  class space    used 8366K, committed 9024K, reserved 1048576K
}
Event: 11652.558 GC heap before
{Heap before GC invocations=197 (full 64):
 garbage-first heap   total 90112K, used 75459K [0x0000000700000000, 0x0000000800000000)
  region size 2048K, 25 young (51200K), 2 survivors (4096K)
 Metaspace       used 70414K, committed 72192K, reserved 1114112K
  class space    used 8382K, committed 9024K, reserved 1048576K
}
Event: 11652.560 GC heap after
{Heap after GC invocations=198 (full 64):
 garbage-first heap   total 90112K, used 28441K [0x0000000700000000, 0x0000000800000000)
  region size 2048K, 2 young (4096K), 2 survivors (4096K)
 Metaspace       used 70414K, committed 72192K, reserved 1114112K
  class space    used 8382K, committed 9024K, reserved 1048576K
}
Event: 11818.224 GC heap before
{Heap before GC invocations=198 (full 64):
 garbage-first heap   total 90112K, used 73497K [0x0000000700000000, 0x0000000800000000)
  region size 2048K, 25 young (51200K), 2 survivors (4096K)
 Metaspace       used 70510K, committed 72192K, reserved 1114112K
  class space    used 8393K, committed 9024K, reserved 1048576K
}

